Using pre-set license
Built from '2020.2/release' branch; Version is '2020.2.1f1 (270dd8c3da1c) revision 2559448'; Using compiler version '192528614'; Build Type 'Release'
OS: 'Windows 10  (10.0.0) 64bit' Language: 'fr' Physical Memory: 8112 MB
BatchMode: 1, IsHumanControllingUs: 0, StartBugReporterOnCrash: 0, Is64bit: 1, IsPro: 0

 COMMAND LINE ARGUMENTS:
D:\Program Files\Unity\Editor\2020.2.1f1\Editor\Unity.exe
-adb2
-batchMode
-noUpm
-name
AssetImportWorker0
-projectPath
D:/Antec/Unity projects/GMTK-Game-Jam-June-2021/GMTKGameJamProject
-logFile
Logs/AssetImportWorker0.log
-srvPort
49760
Successfully changed project path to: D:/Antec/Unity projects/GMTK-Game-Jam-June-2021/GMTKGameJamProject
D:/Antec/Unity projects/GMTK-Game-Jam-June-2021/GMTKGameJamProject
Using Asset Import Pipeline V2.
Refreshing native plugins compatible for Editor in 36.74 ms, found 1 plugins.
Preloading 0 native plugins for Editor in 0.00 ms.
Initialize engine version: 2020.2.1f1 (270dd8c3da1c)
[Subsystems] Discovering subsystems at path D:/Program Files/Unity/Editor/2020.2.1f1/Editor/Data/Resources/UnitySubsystems
[Subsystems] Discovering subsystems at path D:/Antec/Unity projects/GMTK-Game-Jam-June-2021/GMTKGameJamProject/Assets
GfxDevice: creating device client; threaded=0
Direct3D:
    Version:  Direct3D 11.0 [level 11.1]
    Renderer: NVIDIA GeForce GTX 1060 3GB (ID=0x1c02)
    Vendor:   
    VRAM:     2988 MB
    Driver:   27.21.14.6140
Initialize mono
Mono path[0] = 'D:/Program Files/Unity/Editor/2020.2.1f1/Editor/Data/Managed'
Mono path[1] = 'D:/Program Files/Unity/Editor/2020.2.1f1/Editor/Data/MonoBleedingEdge/lib/mono/unityjit'
Mono config path = 'D:/Program Files/Unity/Editor/2020.2.1f1/Editor/Data/MonoBleedingEdge/etc'
Using monoOptions --debugger-agent=transport=dt_socket,embedding=1,server=y,suspend=n,address=127.0.0.1:56040
Begin MonoManager ReloadAssembly
Registering precompiled unity dll's ...
Register platform support module: D:/Program Files/Unity/Editor/2020.2.1f1/Editor/Data/PlaybackEngines/WebGLSupport/UnityEditor.WebGL.Extensions.dll
Register platform support module: D:/Program Files/Unity/Editor/2020.2.1f1/Editor/Data/PlaybackEngines/WindowsStandaloneSupport/UnityEditor.WindowsStandalone.Extensions.dll
Registered in 0.001351 seconds.
Native extension for WindowsStandalone target not found
Native extension for WebGL target not found
Refreshing native plugins compatible for Editor in 43.14 ms, found 1 plugins.
Preloading 0 native plugins for Editor in 0.00 ms.
Invoked RoslynAnalysisRunner static constructor.
RoslynAnalysisRunner will not be running.
RoslynAnalysisRunner has terminated.
Mono: successfully reloaded assembly
- Completed reload, in  1.525 seconds
Platform modules already initialized, skipping
Registering precompiled user dll's ...
Registered in 0.001395 seconds.
Begin MonoManager ReloadAssembly
Native extension for WindowsStandalone target not found
Native extension for WebGL target not found
Refreshing native plugins compatible for Editor in 33.22 ms, found 1 plugins.
Preloading 0 native plugins for Editor in 0.00 ms.
Invoked RoslynAnalysisRunner static constructor.
RoslynAnalysisRunner will not be running.
RoslynAnalysisRunner has terminated.
Mono: successfully reloaded assembly
- Completed reload, in  0.954 seconds
Platform modules already initialized, skipping
========================================================================
Worker process is ready to serve import requests
Launched and connected shader compiler UnityShaderCompiler.exe after 0.03 seconds
Refreshing native plugins compatible for Editor in 0.32 ms, found 1 plugins.
Preloading 0 native plugins for Editor in 0.00 ms.
Unloading 1794 Unused Serialized files (Serialized files now loaded: 0)
System memory in use before: 83.9 MB.
System memory in use after: 83.9 MB.

Unloading 22 unused Assets to reduce memory usage. Loaded Objects now: 2237.
Total: 1.929600 ms (FindLiveObjects: 0.296500 ms CreateObjectMapping: 0.099400 ms MarkObjects: 1.457900 ms  DeleteObjects: 0.074300 ms)

========================================================================
Received Import Request.
  path: Assets/Scripts/PlayerBehaviour.cs
  artifactKey: Guid(eb86868f04e33a64b86d552dc1bf8cf8) Importer(815301076,1909f56bfc062723c751e8b465ee728b)
Start importing Assets/Scripts/PlayerBehaviour.cs using Guid(eb86868f04e33a64b86d552dc1bf8cf8) Importer(815301076,1909f56bfc062723c751e8b465ee728b)  -> (artifact id: '33231df61392c6498a3d85216f87c9c9') in 0.042372 seconds
  Import took 0.045540 seconds .

========================================================================
Received Prepare
Refreshing native plugins compatible for Editor in 1.55 ms, found 1 plugins.
Preloading 0 native plugins for Editor in 0.00 ms.
Unloading 9 Unused Serialized files (Serialized files now loaded: 0)
System memory in use before: 48.5 MB.
System memory in use after: 48.6 MB.

Unloading 9 unused Assets to reduce memory usage. Loaded Objects now: 2237.
Total: 14.303600 ms (FindLiveObjects: 1.763900 ms CreateObjectMapping: 0.142700 ms MarkObjects: 12.233200 ms  DeleteObjects: 0.161400 ms)

========================================================================
Received Import Request.
  Time since last request: 25.569256 seconds.
  path: Assets/Scripts/AnimalBehaviour.cs
  artifactKey: Guid(09e5e40e24bbff24ba92331ff8d7f207) Importer(815301076,1909f56bfc062723c751e8b465ee728b)
Start importing Assets/Scripts/AnimalBehaviour.cs using Guid(09e5e40e24bbff24ba92331ff8d7f207) Importer(815301076,1909f56bfc062723c751e8b465ee728b)  -> (artifact id: '03baf19fc39639ee07e74b80cbc9b101') in 0.008420 seconds
  Import took 0.011646 seconds .

========================================================================
Received Import Request.
  Time since last request: 13.766735 seconds.
  path: Assets/Scripts/enemyBehavior.cs
  artifactKey: Guid(c1bdafb29cbb8e046a6e6da7b1f8bcdd) Importer(815301076,1909f56bfc062723c751e8b465ee728b)
Start importing Assets/Scripts/enemyBehavior.cs using Guid(c1bdafb29cbb8e046a6e6da7b1f8bcdd) Importer(815301076,1909f56bfc062723c751e8b465ee728b)  -> (artifact id: '831f3555c8272e07901e4e1e55951f2f') in 0.005565 seconds
  Import took 0.008090 seconds .

========================================================================
Received Prepare
Registering precompiled user dll's ...
Registered in 0.000875 seconds.
Begin MonoManager ReloadAssembly
Native extension for WindowsStandalone target not found
Native extension for WebGL target not found
Refreshing native plugins compatible for Editor in 0.31 ms, found 1 plugins.
Preloading 0 native plugins for Editor in 0.00 ms.
Invoked RoslynAnalysisRunner static constructor.
RoslynAnalysisRunner will not be running.
RoslynAnalysisRunner has terminated.
Mono: successfully reloaded assembly
- Completed reload, in  0.783 seconds
Platform modules already initialized, skipping
Refreshing native plugins compatible for Editor in 0.33 ms, found 1 plugins.
Preloading 0 native plugins for Editor in 0.00 ms.
Unloading 1788 Unused Serialized files (Serialized files now loaded: 0)
System memory in use before: 83.9 MB.
System memory in use after: 84.0 MB.

Unloading 11 unused Assets to reduce memory usage. Loaded Objects now: 2240.
Total: 2.044000 ms (FindLiveObjects: 0.192600 ms CreateObjectMapping: 0.056500 ms MarkObjects: 1.721300 ms  DeleteObjects: 0.072800 ms)

========================================================================
Received Prepare
Registering precompiled user dll's ...
Registered in 0.000892 seconds.
Begin MonoManager ReloadAssembly
Native extension for WindowsStandalone target not found
Native extension for WebGL target not found
Refreshing native plugins compatible for Editor in 0.33 ms, found 1 plugins.
Preloading 0 native plugins for Editor in 0.00 ms.
Invoked RoslynAnalysisRunner static constructor.
RoslynAnalysisRunner will not be running.
RoslynAnalysisRunner has terminated.
Mono: successfully reloaded assembly
- Completed reload, in  0.772 seconds
Platform modules already initialized, skipping
Refreshing native plugins compatible for Editor in 0.32 ms, found 1 plugins.
Preloading 0 native plugins for Editor in 0.00 ms.
Unloading 1788 Unused Serialized files (Serialized files now loaded: 0)
System memory in use before: 84.1 MB.
System memory in use after: 84.1 MB.

Unloading 11 unused Assets to reduce memory usage. Loaded Objects now: 2243.
Total: 1.832100 ms (FindLiveObjects: 0.179500 ms CreateObjectMapping: 0.061500 ms MarkObjects: 1.512900 ms  DeleteObjects: 0.077200 ms)

========================================================================
Received Import Request.
  Time since last request: 203.943866 seconds.
  path: Assets/Scripts/whatever.cs
  artifactKey: Guid(98118929dbbed0442ad0b7165a96828d) Importer(815301076,1909f56bfc062723c751e8b465ee728b)
Start importing Assets/Scripts/whatever.cs using Guid(98118929dbbed0442ad0b7165a96828d) Importer(815301076,1909f56bfc062723c751e8b465ee728b)  -> (artifact id: '70b882e21fc067d54896b5798eeec769') in 0.013590 seconds
  Import took 0.018367 seconds .

========================================================================
Received Prepare
Registering precompiled user dll's ...
Registered in 0.000940 seconds.
Begin MonoManager ReloadAssembly
Native extension for WindowsStandalone target not found
Native extension for WebGL target not found
Refreshing native plugins compatible for Editor in 0.31 ms, found 1 plugins.
Preloading 0 native plugins for Editor in 0.00 ms.
Invoked RoslynAnalysisRunner static constructor.
RoslynAnalysisRunner will not be running.
RoslynAnalysisRunner has terminated.
Mono: successfully reloaded assembly
- Completed reload, in  0.791 seconds
Platform modules already initialized, skipping
Refreshing native plugins compatible for Editor in 0.30 ms, found 1 plugins.
Preloading 0 native plugins for Editor in 0.00 ms.
Unloading 1789 Unused Serialized files (Serialized files now loaded: 0)
System memory in use before: 84.2 MB.
System memory in use after: 84.2 MB.

Unloading 11 unused Assets to reduce memory usage. Loaded Objects now: 2247.
Total: 2.007900 ms (FindLiveObjects: 0.163200 ms CreateObjectMapping: 0.061000 ms MarkObjects: 1.680600 ms  DeleteObjects: 0.102000 ms)

AssetImportWorkerClient::OnTransportError - code=2 error=End of file
